<?xml version="1.0" encoding="UTF-8"?>
<!-- Generated by org.testng.reporters.JUnitXMLReporter -->
<testsuite ignored="0" hostname="DESKTOP-N0CG5BI" failures="1" tests="8" name="Surefire test" time="45.138" errors="0" timestamp="2024-07-18T09:13:33 IST">
  <testcase classname="suitea.TestClassA" name="TestA" time="3.028"/>
  <testcase classname="suitea.TestClassA" name="TestA" time="3.015"/>
  <testcase classname="suitea.TestClassAA" name="TestAA" time="3.016"/>
  <testcase classname="suiteb.TestClassB" name="TestB" time="8.801"/>
  <testcase classname="suiteb.TestClassB" name="checkLink" time="0.0">
    <failure type="org.testng.TestNGException" message="
Cannot inject @Test annotated Method [checkLink] with [class java.lang.String].
For more information on native dependency injection please refer to https://testng.org/doc/documentation-main.html#native-dependency-injection">
      <![CDATA[org.testng.TestNGException: 
Cannot inject @Test annotated Method [checkLink] with [class java.lang.String].
For more information on native dependency injection please refer to https://testng.org/doc/documentation-main.html#native-dependency-injection
at java.base/java.util.ArrayList.forEach(ArrayList.java:1511)
... Removed 31 stack frames]]>
    </failure>
  </testcase> <!-- checkLink -->
  <testcase classname="suiteb.TestClassBB" name="TestBB" time="3.009"/>
  <testcase classname="suitec.TestClassC" name="TestC" time="3.003"/>
  <testcase classname="suitec.TestClassCC" name="TestCC" time="3.01"/>
</testsuite> <!-- Surefire test -->
